<?xml version="1.0" encoding="utf-8"?>
<?AutomationStudio Version="4.7.6.114 SP"?>
<Objects>
  <Object
    Path="C:\Software\TestProgramme\TestMappView\TestMappView\Logical\Package.pkg"
    LogicalPath=""
    Type="Package.ParentUnknown"
    LastWriteTime="132799178337169817" />
  <Object
    Path="C:\Software\TestProgramme\TestMappView\TestMappView\Temp\Includes\AS_TempDecl\Config1\GlobalComponents\MpComponents.var"
    LogicalPath="MpComponents.var"
    Type="File"
    LastWriteTime="132801711540887986"
    Private="false" />
  <Object
    Path="C:\Software\TestProgramme\TestMappView\TestMappView\Logical\Global.typ"
    LogicalPath="Global.typ"
    Type="File"
    LastWriteTime="132794743385150104"
    Private="false" />
  <Object
    Path="C:\Software\TestProgramme\TestMappView\TestMappView\Logical\Global.var"
    LogicalPath="Global.var"
    Type="File"
    LastWriteTime="132794772656961381"
    Private="false" />
  <Object
    Path="C:\Software\TestProgramme\TestMappView\TestMappView\Logical\Libraries\Package.pkg"
    LogicalPath="Libraries"
    Type="Package"
    LastWriteTime="132799180101109949" />
  <Object
    Path="C:\Software\TestProgramme\TestMappView\TestMappView\Logical\Libraries\operator\binary.lby"
    LogicalPath="Libraries.operator"
    Type="Library"
    LastWriteTime="132768568170860151" />
  <Object
    Path="C:\Software\TestProgramme\TestMappView\TestMappView\Logical\Libraries\operator\operator.fun"
    LogicalPath="Libraries.operator.operator.fun"
    Type="File"
    LastWriteTime="132768568170753236"
    Private="false" />
  <Object
    Path="C:\Software\TestProgramme\TestMappView\TestMappView\Logical\Libraries\operator\operator.typ"
    LogicalPath="Libraries.operator.operator.typ"
    Type="File"
    LastWriteTime="132768568170753236"
    Private="false" />
  <Object
    Path="C:\Software\TestProgramme\TestMappView\TestMappView\Logical\Libraries\operator\operator.var"
    LogicalPath="Libraries.operator.operator.var"
    Type="File"
    LastWriteTime="132768568170753236"
    Private="false" />
  <Object
    Path="C:\Software\TestProgramme\TestMappView\TestMappView\Logical\Libraries\runtime\binary.lby"
    LogicalPath="Libraries.runtime"
    Type="Library"
    LastWriteTime="132768568173139083" />
  <Object
    Path="C:\Software\TestProgramme\TestMappView\TestMappView\Logical\Libraries\runtime\runtime.fun"
    LogicalPath="Libraries.runtime.runtime.fun"
    Type="File"
    LastWriteTime="132768568173086648"
    Private="false" />
  <Object
    Path="C:\Software\TestProgramme\TestMappView\TestMappView\Logical\Libraries\runtime\runtime.typ"
    LogicalPath="Libraries.runtime.runtime.typ"
    Type="File"
    LastWriteTime="132768568173139083"
    Private="false" />
  <Object
    Path="C:\Software\TestProgramme\TestMappView\TestMappView\Logical\Libraries\runtime\runtime.var"
    LogicalPath="Libraries.runtime.runtime.var"
    Type="File"
    LastWriteTime="132768568173139083"
    Private="false" />
  <Object
    Path="C:\Software\TestProgramme\TestMappView\TestMappView\Logical\Libraries\astime\binary.lby"
    LogicalPath="Libraries.astime"
    Type="Library"
    LastWriteTime="132768568174965048" />
  <Object
    Path="C:\Software\TestProgramme\TestMappView\TestMappView\Logical\Libraries\astime\astime.fun"
    LogicalPath="Libraries.astime.astime.fun"
    Type="File"
    LastWriteTime="132768568174884216"
    Private="false" />
  <Object
    Path="C:\Software\TestProgramme\TestMappView\TestMappView\Logical\Libraries\astime\astime.typ"
    LogicalPath="Libraries.astime.astime.typ"
    Type="File"
    LastWriteTime="132768568174919354"
    Private="false" />
  <Object
    Path="C:\Software\TestProgramme\TestMappView\TestMappView\Logical\Libraries\astime\astime.var"
    LogicalPath="Libraries.astime.astime.var"
    Type="File"
    LastWriteTime="132768568174943984"
    Private="false" />
  <Object
    Path="C:\Software\TestProgramme\TestMappView\TestMappView\Logical\Libraries\AsIecCon\binary.lby"
    LogicalPath="Libraries.AsIecCon"
    Type="Library"
    LastWriteTime="132768568176750468" />
  <Object
    Path="C:\Software\TestProgramme\TestMappView\TestMappView\Logical\Libraries\AsIecCon\AsIecCon.fun"
    LogicalPath="Libraries.AsIecCon.AsIecCon.fun"
    Type="File"
    LastWriteTime="132768568176684166"
    Private="false" />
  <Object
    Path="C:\Software\TestProgramme\TestMappView\TestMappView\Logical\Libraries\AsIecCon\AsIecCon.typ"
    LogicalPath="Libraries.AsIecCon.AsIecCon.typ"
    Type="File"
    LastWriteTime="132768568176750468"
    Private="false" />
  <Object
    Path="C:\Software\TestProgramme\TestMappView\TestMappView\Logical\Libraries\AsIecCon\AsIecCon.var"
    LogicalPath="Libraries.AsIecCon.AsIecCon.var"
    Type="File"
    LastWriteTime="132768568176750468"
    Private="false" />
  <Object
    Path="C:\Software\TestProgramme\TestMappView\TestMappView\Logical\Libraries\MTBasics\binary.lby"
    LogicalPath="Libraries.MTBasics"
    Type="Library"
    LastWriteTime="132768675999790017" />
  <Object
    Path="C:\Software\TestProgramme\TestMappView\TestMappView\Logical\Libraries\MTBasics\MTBasics.fun"
    LogicalPath="Libraries.MTBasics.MTBasics.fun"
    Type="File"
    LastWriteTime="132768675999739903"
    Private="false" />
  <Object
    Path="C:\Software\TestProgramme\TestMappView\TestMappView\Logical\Libraries\MTBasics\MTBasics.typ"
    LogicalPath="Libraries.MTBasics.MTBasics.typ"
    Type="File"
    LastWriteTime="132768675999769904"
    Private="false" />
  <Object
    Path="C:\Software\TestProgramme\TestMappView\TestMappView\Logical\Libraries\MTBasics\MTBasics.var"
    LogicalPath="Libraries.MTBasics.MTBasics.var"
    Type="File"
    LastWriteTime="132768675999790017"
    Private="false" />
  <Object
    Path="C:\Software\TestProgramme\TestMappView\TestMappView\Logical\Libraries\brsystem\binary.lby"
    LogicalPath="Libraries.brsystem"
    Type="Library"
    LastWriteTime="132768676005942540" />
  <Object
    Path="C:\Software\TestProgramme\TestMappView\TestMappView\Logical\Libraries\brsystem\brsystem.fun"
    LogicalPath="Libraries.brsystem.brsystem.fun"
    Type="File"
    LastWriteTime="132768676005892539"
    Private="false" />
  <Object
    Path="C:\Software\TestProgramme\TestMappView\TestMappView\Logical\Libraries\brsystem\brsystem.typ"
    LogicalPath="Libraries.brsystem.brsystem.typ"
    Type="File"
    LastWriteTime="132768676005913362"
    Private="false" />
  <Object
    Path="C:\Software\TestProgramme\TestMappView\TestMappView\Logical\Libraries\brsystem\brsystem.var"
    LogicalPath="Libraries.brsystem.brsystem.var"
    Type="File"
    LastWriteTime="132768676005932527"
    Private="false" />
  <Object
    Path="C:\Software\TestProgramme\TestMappView\TestMappView\Logical\Libraries\MTTypes\binary.lby"
    LogicalPath="Libraries.MTTypes"
    Type="Library"
    LastWriteTime="132768676006146663" />
  <Object
    Path="C:\Software\TestProgramme\TestMappView\TestMappView\Logical\Libraries\MTTypes\MTTypes.fun"
    LogicalPath="Libraries.MTTypes.MTTypes.fun"
    Type="File"
    LastWriteTime="132768676006107391"
    Private="false" />
  <Object
    Path="C:\Software\TestProgramme\TestMappView\TestMappView\Logical\Libraries\MTTypes\MTTypes.typ"
    LogicalPath="Libraries.MTTypes.MTTypes.typ"
    Type="File"
    LastWriteTime="132768676006126660"
    Private="false" />
  <Object
    Path="C:\Software\TestProgramme\TestMappView\TestMappView\Logical\Libraries\MTTypes\MTTypes.var"
    LogicalPath="Libraries.MTTypes.MTTypes.var"
    Type="File"
    LastWriteTime="132768676006146663"
    Private="false" />
  <Object
    Path="C:\Software\TestProgramme\TestMappView\TestMappView\Logical\Libraries\sys_lib\binary.lby"
    LogicalPath="Libraries.sys_lib"
    Type="Library"
    LastWriteTime="132768676006443820" />
  <Object
    Path="C:\Software\TestProgramme\TestMappView\TestMappView\Logical\Libraries\sys_lib\sys_lib.fun"
    LogicalPath="Libraries.sys_lib.sys_lib.fun"
    Type="File"
    LastWriteTime="132768676006380393"
    Private="false" />
  <Object
    Path="C:\Software\TestProgramme\TestMappView\TestMappView\Logical\Libraries\sys_lib\sys_lib.typ"
    LogicalPath="Libraries.sys_lib.sys_lib.typ"
    Type="File"
    LastWriteTime="132768676006415437"
    Private="false" />
  <Object
    Path="C:\Software\TestProgramme\TestMappView\TestMappView\Logical\Libraries\sys_lib\sys_lib.var"
    LogicalPath="Libraries.sys_lib.sys_lib.var"
    Type="File"
    LastWriteTime="132768676006443820"
    Private="false" />
  <Object
    Path="C:\Software\TestProgramme\TestMappView\TestMappView\Logical\Libraries\MpServer\Binary.lby"
    LogicalPath="Libraries.MpServer"
    Type="Library"
    LastWriteTime="132799176632979727" />
  <Object
    Path="C:\Software\TestProgramme\TestMappView\TestMappView\Logical\Libraries\MpServer\Types.typ"
    LogicalPath="Libraries.MpServer.Types.typ"
    Type="File"
    LastWriteTime="132799176632909520"
    Private="false" />
  <Object
    Path="C:\Software\TestProgramme\TestMappView\TestMappView\Logical\Libraries\MpServer\Constants.var"
    LogicalPath="Libraries.MpServer.Constants.var"
    Type="File"
    LastWriteTime="132799176632919489"
    Private="false" />
  <Object
    Path="C:\Software\TestProgramme\TestMappView\TestMappView\Logical\Libraries\MpServer\MpServer.fun"
    LogicalPath="Libraries.MpServer.MpServer.fun"
    Type="File"
    LastWriteTime="132799176632931083"
    Private="false" />
  <Object
    Path="C:\Software\TestProgramme\TestMappView\TestMappView\Logical\Libraries\MpServer\MpServer_EventLog.tmx"
    LogicalPath="Libraries.MpServer.MpServer_EventLog.tmx"
    Type="File"
    LastWriteTime="132799176632979727"
    Private="false" />
  <Object
    Path="C:\Software\TestProgramme\TestMappView\TestMappView\Logical\Libraries\MpAlarmX\Binary.lby"
    LogicalPath="Libraries.MpAlarmX"
    Type="Library"
    LastWriteTime="132799180100307771" />
  <Object
    Path="C:\Software\TestProgramme\TestMappView\TestMappView\Logical\Libraries\MpAlarmX\MpAlarmX.typ"
    LogicalPath="Libraries.MpAlarmX.MpAlarmX.typ"
    Type="File"
    LastWriteTime="132799180100274082"
    Private="false" />
  <Object
    Path="C:\Software\TestProgramme\TestMappView\TestMappView\Logical\Libraries\MpAlarmX\MpAlarmXError.typ"
    LogicalPath="Libraries.MpAlarmX.MpAlarmXError.typ"
    Type="File"
    LastWriteTime="132799180100284588"
    Private="false" />
  <Object
    Path="C:\Software\TestProgramme\TestMappView\TestMappView\Logical\Libraries\MpAlarmX\MpAlarmX.fun"
    LogicalPath="Libraries.MpAlarmX.MpAlarmX.fun"
    Type="File"
    LastWriteTime="132799180100307771"
    Private="false" />
  <Object
    Path="C:\Software\TestProgramme\TestMappView\TestMappView\Logical\Libraries\MpBase\Binary.lby"
    LogicalPath="Libraries.MpBase"
    Type="Library"
    LastWriteTime="132799180100735899" />
  <Object
    Path="C:\Software\TestProgramme\TestMappView\TestMappView\Logical\Libraries\MpBase\MpBase.typ"
    LogicalPath="Libraries.MpBase.MpBase.typ"
    Type="File"
    LastWriteTime="132799180100676128"
    Private="false" />
  <Object
    Path="C:\Software\TestProgramme\TestMappView\TestMappView\Logical\Libraries\MpBase\MpBase.var"
    LogicalPath="Libraries.MpBase.MpBase.var"
    Type="File"
    LastWriteTime="132799180100696586"
    Private="false" />
  <Object
    Path="C:\Software\TestProgramme\TestMappView\TestMappView\Logical\Libraries\MpBase\MpBase.fun"
    LogicalPath="Libraries.MpBase.MpBase.fun"
    Type="File"
    LastWriteTime="132799180100716182"
    Private="false" />
  <Object
    Path="C:\Software\TestProgramme\TestMappView\TestMappView\Logical\Libraries\MpBase\Common_EventLog.tmx"
    LogicalPath="Libraries.MpBase.Common_EventLog.tmx"
    Type="File"
    LastWriteTime="132799180100726440"
    Private="false" />
  <Object
    Path="C:\Software\TestProgramme\TestMappView\TestMappView\Logical\mappView\Package.pkg"
    LogicalPath="mappView"
    Type="Package"
    LastWriteTime="132768585363633374" />
  <Object
    Path="C:\Software\TestProgramme\TestMappView\TestMappView\Logical\mappView\Layouts\Package.pkg"
    LogicalPath="mappView.Layouts"
    Type="Package"
    LastWriteTime="132768587696601964" />
  <Object
    Path="C:\Software\TestProgramme\TestMappView\TestMappView\Logical\mappView\Widgets\Package.pkg"
    LogicalPath="mappView.Widgets"
    Type="Package"
    LastWriteTime="132768585169974935" />
  <Object
    Path="C:\Software\TestProgramme\TestMappView\TestMappView\Logical\mappView\Resources\Package.pkg"
    LogicalPath="mappView.Resources"
    Type="Package"
    LastWriteTime="132768585170140281" />
  <Object
    Path="C:\Software\TestProgramme\TestMappView\TestMappView\Logical\mappView\Resources\Texts\Package.pkg"
    LogicalPath="mappView.Resources.Texts"
    Type="Package"
    LastWriteTime="132799760329025448" />
  <Object
    Path="C:\Software\TestProgramme\TestMappView\TestMappView\Logical\mappView\Resources\Texts\LocalizableTexts.tmx"
    LogicalPath="mappView.Resources.Texts.LocalizableTexts.tmx"
    Type="File"
    LastWriteTime="132769509846245233"
    Private="false" />
  <Object
    Path="C:\Software\TestProgramme\TestMappView\TestMappView\Logical\mappView\Resources\Texts\AlarmList.tmx"
    LogicalPath="mappView.Resources.Texts.AlarmList.tmx"
    Type="File"
    LastWriteTime="132799760530463605"
    Private="false" />
  <Object
    Path="C:\Software\TestProgramme\TestMappView\TestMappView\Logical\mappView\Resources\Snippets\Package.pkg"
    LogicalPath="mappView.Resources.Snippets"
    Type="Package"
    LastWriteTime="132768585170067908" />
  <Object
    Path="C:\Software\TestProgramme\TestMappView\TestMappView\Logical\mappView\Resources\Themes\Package.pkg"
    LogicalPath="mappView.Resources.Themes"
    Type="Package"
    LastWriteTime="132768622229604074" />
  <Object
    Path="C:\Software\TestProgramme\TestMappView\TestMappView\Logical\mappView\Resources\Themes\BuRTheme1\Package.pkg"
    LogicalPath="mappView.Resources.Themes.BuRTheme1"
    Type="Package"
    LastWriteTime="132768654478010611" />
  <Object
    Path="C:\Software\TestProgramme\TestMappView\TestMappView\Logical\mappView\Resources\Themes\BuRTheme1\BuRTheme1.theme"
    LogicalPath="mappView.Resources.Themes.BuRTheme1.BuRTheme1.theme"
    Type="File"
    LastWriteTime="132768622229203440"
    Private="false" />
  <Object
    Path="C:\Software\TestProgramme\TestMappView\TestMappView\Logical\mappView\Resources\Themes\BuRTheme1\brease\Package.pkg"
    LogicalPath="mappView.Resources.Themes.BuRTheme1.brease"
    Type="Package"
    LastWriteTime="132768622229580898" />
  <Object
    Path="C:\Software\TestProgramme\TestMappView\TestMappView\Logical\mappView\Resources\Themes\BuRTheme1\brease\BuRTheme1.stylesset"
    LogicalPath="mappView.Resources.Themes.BuRTheme1.brease.BuRTheme1.stylesset"
    Type="File"
    LastWriteTime="132768622229256369"
    Private="false" />
  <Object
    Path="C:\Software\TestProgramme\TestMappView\TestMappView\Logical\mappView\Resources\Themes\BuRTheme1\brease\Default.styles"
    LogicalPath="mappView.Resources.Themes.BuRTheme1.brease.Default.styles"
    Type="File"
    LastWriteTime="132768622229288396"
    Private="false" />
  <Object
    Path="C:\Software\TestProgramme\TestMappView\TestMappView\Logical\mappView\Resources\Themes\BuRTheme1\brease\System.styles"
    LogicalPath="mappView.Resources.Themes.BuRTheme1.brease.System.styles"
    Type="File"
    LastWriteTime="132768622229318395"
    Private="false" />
  <Object
    Path="C:\Software\TestProgramme\TestMappView\TestMappView\Logical\mappView\Resources\Themes\BuRTheme1\brease\Buttons.styles"
    LogicalPath="mappView.Resources.Themes.BuRTheme1.brease.Buttons.styles"
    Type="File"
    LastWriteTime="132797031245067929"
    Private="false" />
  <Object
    Path="C:\Software\TestProgramme\TestMappView\TestMappView\Logical\mappView\Resources\Themes\BuRTheme1\brease\Common.styles"
    LogicalPath="mappView.Resources.Themes.BuRTheme1.brease.Common.styles"
    Type="File"
    LastWriteTime="132768622229374008"
    Private="false" />
  <Object
    Path="C:\Software\TestProgramme\TestMappView\TestMappView\Logical\mappView\Resources\Themes\BuRTheme1\brease\Container.styles"
    LogicalPath="mappView.Resources.Themes.BuRTheme1.brease.Container.styles"
    Type="File"
    LastWriteTime="132768622229398971"
    Private="false" />
  <Object
    Path="C:\Software\TestProgramme\TestMappView\TestMappView\Logical\mappView\Resources\Themes\BuRTheme1\brease\Numeric.styles"
    LogicalPath="mappView.Resources.Themes.BuRTheme1.brease.Numeric.styles"
    Type="File"
    LastWriteTime="132768622229429331"
    Private="false" />
  <Object
    Path="C:\Software\TestProgramme\TestMappView\TestMappView\Logical\mappView\Resources\Themes\BuRTheme1\brease\LabelTexts.styles"
    LogicalPath="mappView.Resources.Themes.BuRTheme1.brease.LabelTexts.styles"
    Type="File"
    LastWriteTime="132768622229459798"
    Private="false" />
  <Object
    Path="C:\Software\TestProgramme\TestMappView\TestMappView\Logical\mappView\Resources\Themes\BuRTheme1\brease\Graphic.styles"
    LogicalPath="mappView.Resources.Themes.BuRTheme1.brease.Graphic.styles"
    Type="File"
    LastWriteTime="132768622229484911"
    Private="false" />
  <Object
    Path="C:\Software\TestProgramme\TestMappView\TestMappView\Logical\mappView\Resources\Themes\BuRTheme1\brease\Charts.styles"
    LogicalPath="mappView.Resources.Themes.BuRTheme1.brease.Charts.styles"
    Type="File"
    LastWriteTime="132768622229514907"
    Private="false" />
  <Object
    Path="C:\Software\TestProgramme\TestMappView\TestMappView\Logical\mappView\Resources\Themes\BuRTheme1\brease\Sequencer.styles"
    LogicalPath="mappView.Resources.Themes.BuRTheme1.brease.Sequencer.styles"
    Type="File"
    LastWriteTime="132768622229545116"
    Private="false" />
  <Object
    Path="C:\Software\TestProgramme\TestMappView\TestMappView\Logical\mappView\Resources\Themes\BuRTheme1\brease\Lists.styles"
    LogicalPath="mappView.Resources.Themes.BuRTheme1.brease.Lists.styles"
    Type="File"
    LastWriteTime="132768622229580898"
    Private="false" />
  <Object
    Path="C:\Software\TestProgramme\TestMappView\TestMappView\Logical\mappView\Resources\Media\Package.pkg"
    LogicalPath="mappView.Resources.Media"
    Type="Package"
    LastWriteTime="132769459515929146" />
  <Object
    Path="C:\Software\TestProgramme\TestMappView\TestMappView\Logical\mappView\Resources\Media\WARNUNG.png"
    LogicalPath="mappView.Resources.Media.WARNUNG.png"
    Type="File"
    LastWriteTime="132769457918636976"
    Private="false" />
  <Object
    Path="C:\Software\TestProgramme\TestMappView\TestMappView\Logical\mappView\Resources\Media\SymbolLib\Package.pkg"
    LogicalPath="mappView.Resources.Media.SymbolLib"
    Type="Package"
    LastWriteTime="132769459515917371" />
  <Object
    Path="C:\Software\TestProgramme\TestMappView\TestMappView\Logical\mappView\Resources\Media\SymbolLib\Alarm\Package.pkg"
    LogicalPath="mappView.Resources.Media.SymbolLib.Alarm"
    Type="Package"
    LastWriteTime="132769459513045097" />
  <Object
    Path="C:\Software\TestProgramme\TestMappView\TestMappView\Logical\mappView\Resources\Media\SymbolLib\Alarm\Acknowledge.svg"
    LogicalPath="mappView.Resources.Media.SymbolLib.Alarm.Acknowledge.svg"
    Type="File"
    LastWriteTime="132769459512955339"
    Private="false" />
  <Object
    Path="C:\Software\TestProgramme\TestMappView\TestMappView\Logical\mappView\Resources\Media\SymbolLib\Alarm\Alarm.svg"
    LogicalPath="mappView.Resources.Media.SymbolLib.Alarm.Alarm.svg"
    Type="File"
    LastWriteTime="132769459512984780"
    Private="false" />
  <Object
    Path="C:\Software\TestProgramme\TestMappView\TestMappView\Logical\mappView\Resources\Media\SymbolLib\Alarm\AlarmHistory.svg"
    LogicalPath="mappView.Resources.Media.SymbolLib.Alarm.AlarmHistory.svg"
    Type="File"
    LastWriteTime="132769459513014973"
    Private="false" />
  <Object
    Path="C:\Software\TestProgramme\TestMappView\TestMappView\Logical\mappView\Resources\Media\SymbolLib\Alarm\Error.svg"
    LogicalPath="mappView.Resources.Media.SymbolLib.Alarm.Error.svg"
    Type="File"
    LastWriteTime="132769459513035299"
    Private="false" />
  <Object
    Path="C:\Software\TestProgramme\TestMappView\TestMappView\Logical\mappView\Resources\Media\SymbolLib\Arrow\Package.pkg"
    LogicalPath="mappView.Resources.Media.SymbolLib.Arrow"
    Type="Package"
    LastWriteTime="132769459513385567" />
  <Object
    Path="C:\Software\TestProgramme\TestMappView\TestMappView\Logical\mappView\Resources\Media\SymbolLib\Arrow\ArrowDown.svg"
    LogicalPath="mappView.Resources.Media.SymbolLib.Arrow.ArrowDown.svg"
    Type="File"
    LastWriteTime="132769459513098968"
    Private="false" />
  <Object
    Path="C:\Software\TestProgramme\TestMappView\TestMappView\Logical\mappView\Resources\Media\SymbolLib\Arrow\ArrowLeft.svg"
    LogicalPath="mappView.Resources.Media.SymbolLib.Arrow.ArrowLeft.svg"
    Type="File"
    LastWriteTime="132769459513131272"
    Private="false" />
  <Object
    Path="C:\Software\TestProgramme\TestMappView\TestMappView\Logical\mappView\Resources\Media\SymbolLib\Arrow\ArrowRight.svg"
    LogicalPath="mappView.Resources.Media.SymbolLib.Arrow.ArrowRight.svg"
    Type="File"
    LastWriteTime="132769459513165036"
    Private="false" />
  <Object
    Path="C:\Software\TestProgramme\TestMappView\TestMappView\Logical\mappView\Resources\Media\SymbolLib\Arrow\ArrowUp.svg"
    LogicalPath="mappView.Resources.Media.SymbolLib.Arrow.ArrowUp.svg"
    Type="File"
    LastWriteTime="132769459513185057"
    Private="false" />
  <Object
    Path="C:\Software\TestProgramme\TestMappView\TestMappView\Logical\mappView\Resources\Media\SymbolLib\Arrow\Back.svg"
    LogicalPath="mappView.Resources.Media.SymbolLib.Arrow.Back.svg"
    Type="File"
    LastWriteTime="132769459513205058"
    Private="false" />
  <Object
    Path="C:\Software\TestProgramme\TestMappView\TestMappView\Logical\mappView\Resources\Media\SymbolLib\Arrow\Down2.svg"
    LogicalPath="mappView.Resources.Media.SymbolLib.Arrow.Down2.svg"
    Type="File"
    LastWriteTime="132769459513235246"
    Private="false" />
  <Object
    Path="C:\Software\TestProgramme\TestMappView\TestMappView\Logical\mappView\Resources\Media\SymbolLib\Arrow\Down1.svg"
    LogicalPath="mappView.Resources.Media.SymbolLib.Arrow.Down1.svg"
    Type="File"
    LastWriteTime="132769459513257062"
    Private="false" />
  <Object
    Path="C:\Software\TestProgramme\TestMappView\TestMappView\Logical\mappView\Resources\Media\SymbolLib\Arrow\Down3.svg"
    LogicalPath="mappView.Resources.Media.SymbolLib.Arrow.Down3.svg"
    Type="File"
    LastWriteTime="132769459513283628"
    Private="false" />
  <Object
    Path="C:\Software\TestProgramme\TestMappView\TestMappView\Logical\mappView\Resources\Media\SymbolLib\Arrow\Forward.svg"
    LogicalPath="mappView.Resources.Media.SymbolLib.Arrow.Forward.svg"
    Type="File"
    LastWriteTime="132769459513315571"
    Private="false" />
  <Object
    Path="C:\Software\TestProgramme\TestMappView\TestMappView\Logical\mappView\Resources\Media\SymbolLib\Arrow\Up1.svg"
    LogicalPath="mappView.Resources.Media.SymbolLib.Arrow.Up1.svg"
    Type="File"
    LastWriteTime="132769459513345568"
    Private="false" />
  <Object
    Path="C:\Software\TestProgramme\TestMappView\TestMappView\Logical\mappView\Resources\Media\SymbolLib\Arrow\Up2.svg"
    LogicalPath="mappView.Resources.Media.SymbolLib.Arrow.Up2.svg"
    Type="File"
    LastWriteTime="132769459513365576"
    Private="false" />
  <Object
    Path="C:\Software\TestProgramme\TestMappView\TestMappView\Logical\mappView\Resources\Media\SymbolLib\Arrow\Up3.svg"
    LogicalPath="mappView.Resources.Media.SymbolLib.Arrow.Up3.svg"
    Type="File"
    LastWriteTime="132769459513375672"
    Private="false" />
  <Object
    Path="C:\Software\TestProgramme\TestMappView\TestMappView\Logical\mappView\Resources\Media\SymbolLib\Communication\Package.pkg"
    LogicalPath="mappView.Resources.Media.SymbolLib.Communication"
    Type="Package"
    LastWriteTime="132769459513456980" />
  <Object
    Path="C:\Software\TestProgramme\TestMappView\TestMappView\Logical\mappView\Resources\Media\SymbolLib\Communication\ConnectionFail.svg"
    LogicalPath="mappView.Resources.Media.SymbolLib.Communication.ConnectionFail.svg"
    Type="File"
    LastWriteTime="132769459513415670"
    Private="false" />
  <Object
    Path="C:\Software\TestProgramme\TestMappView\TestMappView\Logical\mappView\Resources\Media\SymbolLib\Communication\ConnectionOK.svg"
    LogicalPath="mappView.Resources.Media.SymbolLib.Communication.ConnectionOK.svg"
    Type="File"
    LastWriteTime="132769459513445563"
    Private="false" />
  <Object
    Path="C:\Software\TestProgramme\TestMappView\TestMappView\Logical\mappView\Resources\Media\SymbolLib\Communication\Network.svg"
    LogicalPath="mappView.Resources.Media.SymbolLib.Communication.Network.svg"
    Type="File"
    LastWriteTime="132769459513456980"
    Private="false" />
  <Object
    Path="C:\Software\TestProgramme\TestMappView\TestMappView\Logical\mappView\Resources\Media\SymbolLib\DateTime\Package.pkg"
    LogicalPath="mappView.Resources.Media.SymbolLib.DateTime"
    Type="Package"
    LastWriteTime="132769459513537020" />
  <Object
    Path="C:\Software\TestProgramme\TestMappView\TestMappView\Logical\mappView\Resources\Media\SymbolLib\DateTime\Calendar.svg"
    LogicalPath="mappView.Resources.Media.SymbolLib.DateTime.Calendar.svg"
    Type="File"
    LastWriteTime="132769459513507013"
    Private="false" />
  <Object
    Path="C:\Software\TestProgramme\TestMappView\TestMappView\Logical\mappView\Resources\Media\SymbolLib\DateTime\Clock.svg"
    LogicalPath="mappView.Resources.Media.SymbolLib.DateTime.Clock.svg"
    Type="File"
    LastWriteTime="132769459513517020"
    Private="false" />
  <Object
    Path="C:\Software\TestProgramme\TestMappView\TestMappView\Logical\mappView\Resources\Media\SymbolLib\DateTime\Date.svg"
    LogicalPath="mappView.Resources.Media.SymbolLib.DateTime.Date.svg"
    Type="File"
    LastWriteTime="132769459513537020"
    Private="false" />
  <Object
    Path="C:\Software\TestProgramme\TestMappView\TestMappView\Logical\mappView\Resources\Media\SymbolLib\Diagnostic\Package.pkg"
    LogicalPath="mappView.Resources.Media.SymbolLib.Diagnostic"
    Type="Package"
    LastWriteTime="132769459513577021" />
  <Object
    Path="C:\Software\TestProgramme\TestMappView\TestMappView\Logical\mappView\Resources\Media\SymbolLib\Diagnostic\Diagnostics.svg"
    LogicalPath="mappView.Resources.Media.SymbolLib.Diagnostic.Diagnostics.svg"
    Type="File"
    LastWriteTime="132769459513577021"
    Private="false" />
  <Object
    Path="C:\Software\TestProgramme\TestMappView\TestMappView\Logical\mappView\Resources\Media\SymbolLib\DisplayAndTouch\Package.pkg"
    LogicalPath="mappView.Resources.Media.SymbolLib.DisplayAndTouch"
    Type="Package"
    LastWriteTime="132769459513657003" />
  <Object
    Path="C:\Software\TestProgramme\TestMappView\TestMappView\Logical\mappView\Resources\Media\SymbolLib\DisplayAndTouch\Calibrate.svg"
    LogicalPath="mappView.Resources.Media.SymbolLib.DisplayAndTouch.Calibrate.svg"
    Type="File"
    LastWriteTime="132769459513617021"
    Private="false" />
  <Object
    Path="C:\Software\TestProgramme\TestMappView\TestMappView\Logical\mappView\Resources\Media\SymbolLib\DisplayAndTouch\Contrast.svg"
    LogicalPath="mappView.Resources.Media.SymbolLib.DisplayAndTouch.Contrast.svg"
    Type="File"
    LastWriteTime="132769459513637021"
    Private="false" />
  <Object
    Path="C:\Software\TestProgramme\TestMappView\TestMappView\Logical\mappView\Resources\Media\SymbolLib\DisplayAndTouch\Lightness.svg"
    LogicalPath="mappView.Resources.Media.SymbolLib.DisplayAndTouch.Lightness.svg"
    Type="File"
    LastWriteTime="132769459513657003"
    Private="false" />
  <Object
    Path="C:\Software\TestProgramme\TestMappView\TestMappView\Logical\mappView\Resources\Media\SymbolLib\Edit\Package.pkg"
    LogicalPath="mappView.Resources.Media.SymbolLib.Edit"
    Type="Package"
    LastWriteTime="132769459514075116" />
  <Object
    Path="C:\Software\TestProgramme\TestMappView\TestMappView\Logical\mappView\Resources\Media\SymbolLib\Edit\Add.svg"
    LogicalPath="mappView.Resources.Media.SymbolLib.Edit.Add.svg"
    Type="File"
    LastWriteTime="132769459513702135"
    Private="false" />
  <Object
    Path="C:\Software\TestProgramme\TestMappView\TestMappView\Logical\mappView\Resources\Media\SymbolLib\Edit\Character.svg"
    LogicalPath="mappView.Resources.Media.SymbolLib.Edit.Character.svg"
    Type="File"
    LastWriteTime="132769459513712158"
    Private="false" />
  <Object
    Path="C:\Software\TestProgramme\TestMappView\TestMappView\Logical\mappView\Resources\Media\SymbolLib\Edit\Close.svg"
    LogicalPath="mappView.Resources.Media.SymbolLib.Edit.Close.svg"
    Type="File"
    LastWriteTime="132769459513732158"
    Private="false" />
  <Object
    Path="C:\Software\TestProgramme\TestMappView\TestMappView\Logical\mappView\Resources\Media\SymbolLib\Edit\Copy.svg"
    LogicalPath="mappView.Resources.Media.SymbolLib.Edit.Copy.svg"
    Type="File"
    LastWriteTime="132769459513753253"
    Private="false" />
  <Object
    Path="C:\Software\TestProgramme\TestMappView\TestMappView\Logical\mappView\Resources\Media\SymbolLib\Edit\Cut.svg"
    LogicalPath="mappView.Resources.Media.SymbolLib.Edit.Cut.svg"
    Type="File"
    LastWriteTime="132769459513763432"
    Private="false" />
  <Object
    Path="C:\Software\TestProgramme\TestMappView\TestMappView\Logical\mappView\Resources\Media\SymbolLib\Edit\Delete.svg"
    LogicalPath="mappView.Resources.Media.SymbolLib.Edit.Delete.svg"
    Type="File"
    LastWriteTime="132769459513783431"
    Private="false" />
  <Object
    Path="C:\Software\TestProgramme\TestMappView\TestMappView\Logical\mappView\Resources\Media\SymbolLib\Edit\Edit.svg"
    LogicalPath="mappView.Resources.Media.SymbolLib.Edit.Edit.svg"
    Type="File"
    LastWriteTime="132769459513803433"
    Private="false" />
  <Object
    Path="C:\Software\TestProgramme\TestMappView\TestMappView\Logical\mappView\Resources\Media\SymbolLib\Edit\Favorite.svg"
    LogicalPath="mappView.Resources.Media.SymbolLib.Edit.Favorite.svg"
    Type="File"
    LastWriteTime="132769459513823454"
    Private="false" />
  <Object
    Path="C:\Software\TestProgramme\TestMappView\TestMappView\Logical\mappView\Resources\Media\SymbolLib\Edit\Help.svg"
    LogicalPath="mappView.Resources.Media.SymbolLib.Edit.Help.svg"
    Type="File"
    LastWriteTime="132769459513833456"
    Private="false" />
  <Object
    Path="C:\Software\TestProgramme\TestMappView\TestMappView\Logical\mappView\Resources\Media\SymbolLib\Edit\Information.svg"
    LogicalPath="mappView.Resources.Media.SymbolLib.Edit.Information.svg"
    Type="File"
    LastWriteTime="132769459513853452"
    Private="false" />
  <Object
    Path="C:\Software\TestProgramme\TestMappView\TestMappView\Logical\mappView\Resources\Media\SymbolLib\Edit\Insert.svg"
    LogicalPath="mappView.Resources.Media.SymbolLib.Edit.Insert.svg"
    Type="File"
    LastWriteTime="132769459513873454"
    Private="false" />
  <Object
    Path="C:\Software\TestProgramme\TestMappView\TestMappView\Logical\mappView\Resources\Media\SymbolLib\Edit\Maximize.svg"
    LogicalPath="mappView.Resources.Media.SymbolLib.Edit.Maximize.svg"
    Type="File"
    LastWriteTime="132769459513893452"
    Private="false" />
  <Object
    Path="C:\Software\TestProgramme\TestMappView\TestMappView\Logical\mappView\Resources\Media\SymbolLib\Edit\Minimize.svg"
    LogicalPath="mappView.Resources.Media.SymbolLib.Edit.Minimize.svg"
    Type="File"
    LastWriteTime="132769459513903457"
    Private="false" />
  <Object
    Path="C:\Software\TestProgramme\TestMappView\TestMappView\Logical\mappView\Resources\Media\SymbolLib\Edit\New.svg"
    LogicalPath="mappView.Resources.Media.SymbolLib.Edit.New.svg"
    Type="File"
    LastWriteTime="132769459513923454"
    Private="false" />
  <Object
    Path="C:\Software\TestProgramme\TestMappView\TestMappView\Logical\mappView\Resources\Media\SymbolLib\Edit\Number.svg"
    LogicalPath="mappView.Resources.Media.SymbolLib.Edit.Number.svg"
    Type="File"
    LastWriteTime="132769459513943452"
    Private="false" />
  <Object
    Path="C:\Software\TestProgramme\TestMappView\TestMappView\Logical\mappView\Resources\Media\SymbolLib\Edit\Open.svg"
    LogicalPath="mappView.Resources.Media.SymbolLib.Edit.Open.svg"
    Type="File"
    LastWriteTime="132769459513953455"
    Private="false" />
  <Object
    Path="C:\Software\TestProgramme\TestMappView\TestMappView\Logical\mappView\Resources\Media\SymbolLib\Edit\Pin.svg"
    LogicalPath="mappView.Resources.Media.SymbolLib.Edit.Pin.svg"
    Type="File"
    LastWriteTime="132769459513973449"
    Private="false" />
  <Object
    Path="C:\Software\TestProgramme\TestMappView\TestMappView\Logical\mappView\Resources\Media\SymbolLib\Edit\Pin2.svg"
    LogicalPath="mappView.Resources.Media.SymbolLib.Edit.Pin2.svg"
    Type="File"
    LastWriteTime="132769459513993446"
    Private="false" />
  <Object
    Path="C:\Software\TestProgramme\TestMappView\TestMappView\Logical\mappView\Resources\Media\SymbolLib\Edit\Redo.svg"
    LogicalPath="mappView.Resources.Media.SymbolLib.Edit.Redo.svg"
    Type="File"
    LastWriteTime="132769459514003452"
    Private="false" />
  <Object
    Path="C:\Software\TestProgramme\TestMappView\TestMappView\Logical\mappView\Resources\Media\SymbolLib\Edit\Save.svg"
    LogicalPath="mappView.Resources.Media.SymbolLib.Edit.Save.svg"
    Type="File"
    LastWriteTime="132769459514023445"
    Private="false" />
  <Object
    Path="C:\Software\TestProgramme\TestMappView\TestMappView\Logical\mappView\Resources\Media\SymbolLib\Edit\Undo.svg"
    LogicalPath="mappView.Resources.Media.SymbolLib.Edit.Undo.svg"
    Type="File"
    LastWriteTime="132769459514033458"
    Private="false" />
  <Object
    Path="C:\Software\TestProgramme\TestMappView\TestMappView\Logical\mappView\Resources\Media\SymbolLib\Edit\ZoomIn.svg"
    LogicalPath="mappView.Resources.Media.SymbolLib.Edit.ZoomIn.svg"
    Type="File"
    LastWriteTime="132769459514055039"
    Private="false" />
  <Object
    Path="C:\Software\TestProgramme\TestMappView\TestMappView\Logical\mappView\Resources\Media\SymbolLib\Edit\ZoomOut.svg"
    LogicalPath="mappView.Resources.Media.SymbolLib.Edit.ZoomOut.svg"
    Type="File"
    LastWriteTime="132769459514075116"
    Private="false" />
  <Object
    Path="C:\Software\TestProgramme\TestMappView\TestMappView\Logical\mappView\Resources\Media\SymbolLib\File\Package.pkg"
    LogicalPath="mappView.Resources.Media.SymbolLib.File"
    Type="Package"
    LastWriteTime="132769459514175112" />
  <Object
    Path="C:\Software\TestProgramme\TestMappView\TestMappView\Logical\mappView\Resources\Media\SymbolLib\File\File.svg"
    LogicalPath="mappView.Resources.Media.SymbolLib.File.File.svg"
    Type="File"
    LastWriteTime="132769459514105125"
    Private="false" />
  <Object
    Path="C:\Software\TestProgramme\TestMappView\TestMappView\Logical\mappView\Resources\Media\SymbolLib\File\Files.svg"
    LogicalPath="mappView.Resources.Media.SymbolLib.File.Files.svg"
    Type="File"
    LastWriteTime="132769459514125118"
    Private="false" />
  <Object
    Path="C:\Software\TestProgramme\TestMappView\TestMappView\Logical\mappView\Resources\Media\SymbolLib\File\Package.svg"
    LogicalPath="mappView.Resources.Media.SymbolLib.File.Package.svg"
    Type="File"
    LastWriteTime="132769459514145108"
    Private="false" />
  <Object
    Path="C:\Software\TestProgramme\TestMappView\TestMappView\Logical\mappView\Resources\Media\SymbolLib\File\Recipe.svg"
    LogicalPath="mappView.Resources.Media.SymbolLib.File.Recipe.svg"
    Type="File"
    LastWriteTime="132769459514155118"
    Private="false" />
  <Object
    Path="C:\Software\TestProgramme\TestMappView\TestMappView\Logical\mappView\Resources\Media\SymbolLib\File\Search.svg"
    LogicalPath="mappView.Resources.Media.SymbolLib.File.Search.svg"
    Type="File"
    LastWriteTime="132769459514175112"
    Private="false" />
  <Object
    Path="C:\Software\TestProgramme\TestMappView\TestMappView\Logical\mappView\Resources\Media\SymbolLib\Localize\Package.pkg"
    LogicalPath="mappView.Resources.Media.SymbolLib.Localize"
    Type="Package"
    LastWriteTime="132769459514427037" />
  <Object
    Path="C:\Software\TestProgramme\TestMappView\TestMappView\Logical\mappView\Resources\Media\SymbolLib\Localize\Browser.svg"
    LogicalPath="mappView.Resources.Media.SymbolLib.Localize.Browser.svg"
    Type="File"
    LastWriteTime="132769459514215121"
    Private="false" />
  <Object
    Path="C:\Software\TestProgramme\TestMappView\TestMappView\Logical\mappView\Resources\Media\SymbolLib\Localize\China.svg"
    LogicalPath="mappView.Resources.Media.SymbolLib.Localize.China.svg"
    Type="File"
    LastWriteTime="132769459514235114"
    Private="false" />
  <Object
    Path="C:\Software\TestProgramme\TestMappView\TestMappView\Logical\mappView\Resources\Media\SymbolLib\Localize\Flag.svg"
    LogicalPath="mappView.Resources.Media.SymbolLib.Localize.Flag.svg"
    Type="File"
    LastWriteTime="132769459514255110"
    Private="false" />
  <Object
    Path="C:\Software\TestProgramme\TestMappView\TestMappView\Logical\mappView\Resources\Media\SymbolLib\Localize\France.svg"
    LogicalPath="mappView.Resources.Media.SymbolLib.Localize.France.svg"
    Type="File"
    LastWriteTime="132769459514265117"
    Private="false" />
  <Object
    Path="C:\Software\TestProgramme\TestMappView\TestMappView\Logical\mappView\Resources\Media\SymbolLib\Localize\Germany.svg"
    LogicalPath="mappView.Resources.Media.SymbolLib.Localize.Germany.svg"
    Type="File"
    LastWriteTime="132769459514285110"
    Private="false" />
  <Object
    Path="C:\Software\TestProgramme\TestMappView\TestMappView\Logical\mappView\Resources\Media\SymbolLib\Localize\GreatBritain.svg"
    LogicalPath="mappView.Resources.Media.SymbolLib.Localize.GreatBritain.svg"
    Type="File"
    LastWriteTime="132769459514307010"
    Private="false" />
  <Object
    Path="C:\Software\TestProgramme\TestMappView\TestMappView\Logical\mappView\Resources\Media\SymbolLib\Localize\Italy.svg"
    LogicalPath="mappView.Resources.Media.SymbolLib.Localize.Italy.svg"
    Type="File"
    LastWriteTime="132769459514327037"
    Private="false" />
  <Object
    Path="C:\Software\TestProgramme\TestMappView\TestMappView\Logical\mappView\Resources\Media\SymbolLib\Localize\Language.svg"
    LogicalPath="mappView.Resources.Media.SymbolLib.Localize.Language.svg"
    Type="File"
    LastWriteTime="132769459514347038"
    Private="false" />
  <Object
    Path="C:\Software\TestProgramme\TestMappView\TestMappView\Logical\mappView\Resources\Media\SymbolLib\Localize\Portugal.svg"
    LogicalPath="mappView.Resources.Media.SymbolLib.Localize.Portugal.svg"
    Type="File"
    LastWriteTime="132769459514357038"
    Private="false" />
  <Object
    Path="C:\Software\TestProgramme\TestMappView\TestMappView\Logical\mappView\Resources\Media\SymbolLib\Localize\Russia.svg"
    LogicalPath="mappView.Resources.Media.SymbolLib.Localize.Russia.svg"
    Type="File"
    LastWriteTime="132769459514377037"
    Private="false" />
  <Object
    Path="C:\Software\TestProgramme\TestMappView\TestMappView\Logical\mappView\Resources\Media\SymbolLib\Localize\Spain.svg"
    LogicalPath="mappView.Resources.Media.SymbolLib.Localize.Spain.svg"
    Type="File"
    LastWriteTime="132769459514397040"
    Private="false" />
  <Object
    Path="C:\Software\TestProgramme\TestMappView\TestMappView\Logical\mappView\Resources\Media\SymbolLib\Localize\UK.svg"
    LogicalPath="mappView.Resources.Media.SymbolLib.Localize.UK.svg"
    Type="File"
    LastWriteTime="132769459514407038"
    Private="false" />
  <Object
    Path="C:\Software\TestProgramme\TestMappView\TestMappView\Logical\mappView\Resources\Media\SymbolLib\Localize\USA.svg"
    LogicalPath="mappView.Resources.Media.SymbolLib.Localize.USA.svg"
    Type="File"
    LastWriteTime="132769459514427037"
    Private="false" />
  <Object
    Path="C:\Software\TestProgramme\TestMappView\TestMappView\Logical\mappView\Resources\Media\SymbolLib\Media\Package.pkg"
    LogicalPath="mappView.Resources.Media.SymbolLib.Media"
    Type="Package"
    LastWriteTime="132769459514672941" />
  <Object
    Path="C:\Software\TestProgramme\TestMappView\TestMappView\Logical\mappView\Resources\Media\SymbolLib\Media\FastForward.svg"
    LogicalPath="mappView.Resources.Media.SymbolLib.Media.FastForward.svg"
    Type="File"
    LastWriteTime="132769459514473785"
    Private="false" />
  <Object
    Path="C:\Software\TestProgramme\TestMappView\TestMappView\Logical\mappView\Resources\Media\SymbolLib\Media\FastForwardStop.svg"
    LogicalPath="mappView.Resources.Media.SymbolLib.Media.FastForwardStop.svg"
    Type="File"
    LastWriteTime="132769459514503530"
    Private="false" />
  <Object
    Path="C:\Software\TestProgramme\TestMappView\TestMappView\Logical\mappView\Resources\Media\SymbolLib\Media\FastRewind.svg"
    LogicalPath="mappView.Resources.Media.SymbolLib.Media.FastRewind.svg"
    Type="File"
    LastWriteTime="132769459514522917"
    Private="false" />
  <Object
    Path="C:\Software\TestProgramme\TestMappView\TestMappView\Logical\mappView\Resources\Media\SymbolLib\Media\FastRewindStop.svg"
    LogicalPath="mappView.Resources.Media.SymbolLib.Media.FastRewindStop.svg"
    Type="File"
    LastWriteTime="132769459514542941"
    Private="false" />
  <Object
    Path="C:\Software\TestProgramme\TestMappView\TestMappView\Logical\mappView\Resources\Media\SymbolLib\Media\ForwardStop.svg"
    LogicalPath="mappView.Resources.Media.SymbolLib.Media.ForwardStop.svg"
    Type="File"
    LastWriteTime="132769459514562933"
    Private="false" />
  <Object
    Path="C:\Software\TestProgramme\TestMappView\TestMappView\Logical\mappView\Resources\Media\SymbolLib\Media\Pause.svg"
    LogicalPath="mappView.Resources.Media.SymbolLib.Media.Pause.svg"
    Type="File"
    LastWriteTime="132769459514582942"
    Private="false" />
  <Object
    Path="C:\Software\TestProgramme\TestMappView\TestMappView\Logical\mappView\Resources\Media\SymbolLib\Media\Play.svg"
    LogicalPath="mappView.Resources.Media.SymbolLib.Media.Play.svg"
    Type="File"
    LastWriteTime="132769459514603026"
    Private="false" />
  <Object
    Path="C:\Software\TestProgramme\TestMappView\TestMappView\Logical\mappView\Resources\Media\SymbolLib\Media\RewindStop.svg"
    LogicalPath="mappView.Resources.Media.SymbolLib.Media.RewindStop.svg"
    Type="File"
    LastWriteTime="132769459514622940"
    Private="false" />
  <Object
    Path="C:\Software\TestProgramme\TestMappView\TestMappView\Logical\mappView\Resources\Media\SymbolLib\Media\Stop.svg"
    LogicalPath="mappView.Resources.Media.SymbolLib.Media.Stop.svg"
    Type="File"
    LastWriteTime="132769459514642948"
    Private="false" />
  <Object
    Path="C:\Software\TestProgramme\TestMappView\TestMappView\Logical\mappView\Resources\Media\SymbolLib\Media\Video.svg"
    LogicalPath="mappView.Resources.Media.SymbolLib.Media.Video.svg"
    Type="File"
    LastWriteTime="132769459514663733"
    Private="false" />
  <Object
    Path="C:\Software\TestProgramme\TestMappView\TestMappView\Logical\mappView\Resources\Media\SymbolLib\Needle\Package.pkg"
    LogicalPath="mappView.Resources.Media.SymbolLib.Needle"
    Type="Package"
    LastWriteTime="132769459514857378" />
  <Object
    Path="C:\Software\TestProgramme\TestMappView\TestMappView\Logical\mappView\Resources\Media\SymbolLib\Needle\Needle1long.svg"
    LogicalPath="mappView.Resources.Media.SymbolLib.Needle.Needle1long.svg"
    Type="File"
    LastWriteTime="132769459514712941"
    Private="false" />
  <Object
    Path="C:\Software\TestProgramme\TestMappView\TestMappView\Logical\mappView\Resources\Media\SymbolLib\Needle\Needle1short.svg"
    LogicalPath="mappView.Resources.Media.SymbolLib.Needle.Needle1short.svg"
    Type="File"
    LastWriteTime="132769459514732933"
    Private="false" />
  <Object
    Path="C:\Software\TestProgramme\TestMappView\TestMappView\Logical\mappView\Resources\Media\SymbolLib\Needle\Needle2long.svg"
    LogicalPath="mappView.Resources.Media.SymbolLib.Needle.Needle2long.svg"
    Type="File"
    LastWriteTime="132769459514752990"
    Private="false" />
  <Object
    Path="C:\Software\TestProgramme\TestMappView\TestMappView\Logical\mappView\Resources\Media\SymbolLib\Needle\Needle2short.svg"
    LogicalPath="mappView.Resources.Media.SymbolLib.Needle.Needle2short.svg"
    Type="File"
    LastWriteTime="132769459514772942"
    Private="false" />
  <Object
    Path="C:\Software\TestProgramme\TestMappView\TestMappView\Logical\mappView\Resources\Media\SymbolLib\Needle\Needle3long.svg"
    LogicalPath="mappView.Resources.Media.SymbolLib.Needle.Needle3long.svg"
    Type="File"
    LastWriteTime="132769459514792942"
    Private="false" />
  <Object
    Path="C:\Software\TestProgramme\TestMappView\TestMappView\Logical\mappView\Resources\Media\SymbolLib\Needle\Needle3short.svg"
    LogicalPath="mappView.Resources.Media.SymbolLib.Needle.Needle3short.svg"
    Type="File"
    LastWriteTime="132769459514813160"
    Private="false" />
  <Object
    Path="C:\Software\TestProgramme\TestMappView\TestMappView\Logical\mappView\Resources\Media\SymbolLib\Needle\Needle4long.svg"
    LogicalPath="mappView.Resources.Media.SymbolLib.Needle.Needle4long.svg"
    Type="File"
    LastWriteTime="132769459514837275"
    Private="false" />
  <Object
    Path="C:\Software\TestProgramme\TestMappView\TestMappView\Logical\mappView\Resources\Media\SymbolLib\Needle\Needle4short.svg"
    LogicalPath="mappView.Resources.Media.SymbolLib.Needle.Needle4short.svg"
    Type="File"
    LastWriteTime="132769459514857378"
    Private="false" />
  <Object
    Path="C:\Software\TestProgramme\TestMappView\TestMappView\Logical\mappView\Resources\Media\SymbolLib\Symbols\Package.pkg"
    LogicalPath="mappView.Resources.Media.SymbolLib.Symbols"
    Type="Package"
    LastWriteTime="132769459515687383" />
  <Object
    Path="C:\Software\TestProgramme\TestMappView\TestMappView\Logical\mappView\Resources\Media\SymbolLib\Symbols\Accept.svg"
    LogicalPath="mappView.Resources.Media.SymbolLib.Symbols.Accept.svg"
    Type="File"
    LastWriteTime="132769459514898080"
    Private="false" />
  <Object
    Path="C:\Software\TestProgramme\TestMappView\TestMappView\Logical\mappView\Resources\Media\SymbolLib\Symbols\Button.svg"
    LogicalPath="mappView.Resources.Media.SymbolLib.Symbols.Button.svg"
    Type="File"
    LastWriteTime="132769459514917828"
    Private="false" />
  <Object
    Path="C:\Software\TestProgramme\TestMappView\TestMappView\Logical\mappView\Resources\Media\SymbolLib\Symbols\Conveyor.svg"
    LogicalPath="mappView.Resources.Media.SymbolLib.Symbols.Conveyor.svg"
    Type="File"
    LastWriteTime="132769459514937388"
    Private="false" />
  <Object
    Path="C:\Software\TestProgramme\TestMappView\TestMappView\Logical\mappView\Resources\Media\SymbolLib\Symbols\Download.svg"
    LogicalPath="mappView.Resources.Media.SymbolLib.Symbols.Download.svg"
    Type="File"
    LastWriteTime="132769459514957491"
    Private="false" />
  <Object
    Path="C:\Software\TestProgramme\TestMappView\TestMappView\Logical\mappView\Resources\Media\SymbolLib\Symbols\Energy.svg"
    LogicalPath="mappView.Resources.Media.SymbolLib.Symbols.Energy.svg"
    Type="File"
    LastWriteTime="132769459514977371"
    Private="false" />
  <Object
    Path="C:\Software\TestProgramme\TestMappView\TestMappView\Logical\mappView\Resources\Media\SymbolLib\Symbols\Engine.svg"
    LogicalPath="mappView.Resources.Media.SymbolLib.Symbols.Engine.svg"
    Type="File"
    LastWriteTime="132769459515007379"
    Private="false" />
  <Object
    Path="C:\Software\TestProgramme\TestMappView\TestMappView\Logical\mappView\Resources\Media\SymbolLib\Symbols\EngineMove.svg"
    LogicalPath="mappView.Resources.Media.SymbolLib.Symbols.EngineMove.svg"
    Type="File"
    LastWriteTime="132769459515027379"
    Private="false" />
  <Object
    Path="C:\Software\TestProgramme\TestMappView\TestMappView\Logical\mappView\Resources\Media\SymbolLib\Symbols\EngineReference.svg"
    LogicalPath="mappView.Resources.Media.SymbolLib.Symbols.EngineReference.svg"
    Type="File"
    LastWriteTime="132769459515067373"
    Private="false" />
  <Object
    Path="C:\Software\TestProgramme\TestMappView\TestMappView\Logical\mappView\Resources\Media\SymbolLib\Symbols\Graph.svg"
    LogicalPath="mappView.Resources.Media.SymbolLib.Symbols.Graph.svg"
    Type="File"
    LastWriteTime="132769459515087372"
    Private="false" />
  <Object
    Path="C:\Software\TestProgramme\TestMappView\TestMappView\Logical\mappView\Resources\Media\SymbolLib\Symbols\Hide.svg"
    LogicalPath="mappView.Resources.Media.SymbolLib.Symbols.Hide.svg"
    Type="File"
    LastWriteTime="132769459515107370"
    Private="false" />
  <Object
    Path="C:\Software\TestProgramme\TestMappView\TestMappView\Logical\mappView\Resources\Media\SymbolLib\Symbols\Home.svg"
    LogicalPath="mappView.Resources.Media.SymbolLib.Symbols.Home.svg"
    Type="File"
    LastWriteTime="132769459515117372"
    Private="false" />
  <Object
    Path="C:\Software\TestProgramme\TestMappView\TestMappView\Logical\mappView\Resources\Media\SymbolLib\Symbols\InProgress.svg"
    LogicalPath="mappView.Resources.Media.SymbolLib.Symbols.InProgress.svg"
    Type="File"
    LastWriteTime="132769459515137370"
    Private="false" />
  <Object
    Path="C:\Software\TestProgramme\TestMappView\TestMappView\Logical\mappView\Resources\Media\SymbolLib\Symbols\Mail.svg"
    LogicalPath="mappView.Resources.Media.SymbolLib.Symbols.Mail.svg"
    Type="File"
    LastWriteTime="132769459515157371"
    Private="false" />
  <Object
    Path="C:\Software\TestProgramme\TestMappView\TestMappView\Logical\mappView\Resources\Media\SymbolLib\Symbols\Max.svg"
    LogicalPath="mappView.Resources.Media.SymbolLib.Symbols.Max.svg"
    Type="File"
    LastWriteTime="132769459515177369"
    Private="false" />
  <Object
    Path="C:\Software\TestProgramme\TestMappView\TestMappView\Logical\mappView\Resources\Media\SymbolLib\Symbols\Min.svg"
    LogicalPath="mappView.Resources.Media.SymbolLib.Symbols.Min.svg"
    Type="File"
    LastWriteTime="132769459515187390"
    Private="false" />
  <Object
    Path="C:\Software\TestProgramme\TestMappView\TestMappView\Logical\mappView\Resources\Media\SymbolLib\Symbols\Mode.svg"
    LogicalPath="mappView.Resources.Media.SymbolLib.Symbols.Mode.svg"
    Type="File"
    LastWriteTime="132769459515207380"
    Private="false" />
  <Object
    Path="C:\Software\TestProgramme\TestMappView\TestMappView\Logical\mappView\Resources\Media\SymbolLib\Symbols\Off.svg"
    LogicalPath="mappView.Resources.Media.SymbolLib.Symbols.Off.svg"
    Type="File"
    LastWriteTime="132769459515217394"
    Private="false" />
  <Object
    Path="C:\Software\TestProgramme\TestMappView\TestMappView\Logical\mappView\Resources\Media\SymbolLib\Symbols\On.svg"
    LogicalPath="mappView.Resources.Media.SymbolLib.Symbols.On.svg"
    Type="File"
    LastWriteTime="132769459515237379"
    Private="false" />
  <Object
    Path="C:\Software\TestProgramme\TestMappView\TestMappView\Logical\mappView\Resources\Media\SymbolLib\Symbols\PDF.svg"
    LogicalPath="mappView.Resources.Media.SymbolLib.Symbols.PDF.svg"
    Type="File"
    LastWriteTime="132769459515257382"
    Private="false" />
  <Object
    Path="C:\Software\TestProgramme\TestMappView\TestMappView\Logical\mappView\Resources\Media\SymbolLib\Symbols\Remote1.svg"
    LogicalPath="mappView.Resources.Media.SymbolLib.Symbols.Remote1.svg"
    Type="File"
    LastWriteTime="132769459515267390"
    Private="false" />
  <Object
    Path="C:\Software\TestProgramme\TestMappView\TestMappView\Logical\mappView\Resources\Media\SymbolLib\Symbols\Remote2.svg"
    LogicalPath="mappView.Resources.Media.SymbolLib.Symbols.Remote2.svg"
    Type="File"
    LastWriteTime="132769459515287379"
    Private="false" />
  <Object
    Path="C:\Software\TestProgramme\TestMappView\TestMappView\Logical\mappView\Resources\Media\SymbolLib\Symbols\Remote3.svg"
    LogicalPath="mappView.Resources.Media.SymbolLib.Symbols.Remote3.svg"
    Type="File"
    LastWriteTime="132769459515307369"
    Private="false" />
  <Object
    Path="C:\Software\TestProgramme\TestMappView\TestMappView\Logical\mappView\Resources\Media\SymbolLib\Symbols\Remote4.svg"
    LogicalPath="mappView.Resources.Media.SymbolLib.Symbols.Remote4.svg"
    Type="File"
    LastWriteTime="132769459515327370"
    Private="false" />
  <Object
    Path="C:\Software\TestProgramme\TestMappView\TestMappView\Logical\mappView\Resources\Media\SymbolLib\Symbols\Reset.svg"
    LogicalPath="mappView.Resources.Media.SymbolLib.Symbols.Reset.svg"
    Type="File"
    LastWriteTime="132769459515337378"
    Private="false" />
  <Object
    Path="C:\Software\TestProgramme\TestMappView\TestMappView\Logical\mappView\Resources\Media\SymbolLib\Symbols\Restart.svg"
    LogicalPath="mappView.Resources.Media.SymbolLib.Symbols.Restart.svg"
    Type="File"
    LastWriteTime="132769459515357381"
    Private="false" />
  <Object
    Path="C:\Software\TestProgramme\TestMappView\TestMappView\Logical\mappView\Resources\Media\SymbolLib\Symbols\Robot.svg"
    LogicalPath="mappView.Resources.Media.SymbolLib.Symbols.Robot.svg"
    Type="File"
    LastWriteTime="132769459515367390"
    Private="false" />
  <Object
    Path="C:\Software\TestProgramme\TestMappView\TestMappView\Logical\mappView\Resources\Media\SymbolLib\Symbols\Safety.svg"
    LogicalPath="mappView.Resources.Media.SymbolLib.Symbols.Safety.svg"
    Type="File"
    LastWriteTime="132769459515387381"
    Private="false" />
  <Object
    Path="C:\Software\TestProgramme\TestMappView\TestMappView\Logical\mappView\Resources\Media\SymbolLib\Symbols\Server.svg"
    LogicalPath="mappView.Resources.Media.SymbolLib.Symbols.Server.svg"
    Type="File"
    LastWriteTime="132769459515407383"
    Private="false" />
  <Object
    Path="C:\Software\TestProgramme\TestMappView\TestMappView\Logical\mappView\Resources\Media\SymbolLib\Symbols\Service.svg"
    LogicalPath="mappView.Resources.Media.SymbolLib.Symbols.Service.svg"
    Type="File"
    LastWriteTime="132769459515417389"
    Private="false" />
  <Object
    Path="C:\Software\TestProgramme\TestMappView\TestMappView\Logical\mappView\Resources\Media\SymbolLib\Symbols\Settings.svg"
    LogicalPath="mappView.Resources.Media.SymbolLib.Symbols.Settings.svg"
    Type="File"
    LastWriteTime="132769459515437386"
    Private="false" />
  <Object
    Path="C:\Software\TestProgramme\TestMappView\TestMappView\Logical\mappView\Resources\Media\SymbolLib\Symbols\Slider_Symbol.svg"
    LogicalPath="mappView.Resources.Media.SymbolLib.Symbols.Slider_Symbol.svg"
    Type="File"
    LastWriteTime="132769459515447390"
    Private="false" />
  <Object
    Path="C:\Software\TestProgramme\TestMappView\TestMappView\Logical\mappView\Resources\Media\SymbolLib\Symbols\Start.svg"
    LogicalPath="mappView.Resources.Media.SymbolLib.Symbols.Start.svg"
    Type="File"
    LastWriteTime="132769459515467394"
    Private="false" />
  <Object
    Path="C:\Software\TestProgramme\TestMappView\TestMappView\Logical\mappView\Resources\Media\SymbolLib\Symbols\Stop.svg"
    LogicalPath="mappView.Resources.Media.SymbolLib.Symbols.Stop.svg"
    Type="File"
    LastWriteTime="132769459515487370"
    Private="false" />
  <Object
    Path="C:\Software\TestProgramme\TestMappView\TestMappView\Logical\mappView\Resources\Media\SymbolLib\Symbols\SystemSettings.svg"
    LogicalPath="mappView.Resources.Media.SymbolLib.Symbols.SystemSettings.svg"
    Type="File"
    LastWriteTime="132769459515507377"
    Private="false" />
  <Object
    Path="C:\Software\TestProgramme\TestMappView\TestMappView\Logical\mappView\Resources\Media\SymbolLib\Symbols\Temperature.svg"
    LogicalPath="mappView.Resources.Media.SymbolLib.Symbols.Temperature.svg"
    Type="File"
    LastWriteTime="132769459515527376"
    Private="false" />
  <Object
    Path="C:\Software\TestProgramme\TestMappView\TestMappView\Logical\mappView\Resources\Media\SymbolLib\Symbols\Tool.svg"
    LogicalPath="mappView.Resources.Media.SymbolLib.Symbols.Tool.svg"
    Type="File"
    LastWriteTime="132769459515547370"
    Private="false" />
  <Object
    Path="C:\Software\TestProgramme\TestMappView\TestMappView\Logical\mappView\Resources\Media\SymbolLib\Symbols\TouchMe.svg"
    LogicalPath="mappView.Resources.Media.SymbolLib.Symbols.TouchMe.svg"
    Type="File"
    LastWriteTime="132769459515567378"
    Private="false" />
  <Object
    Path="C:\Software\TestProgramme\TestMappView\TestMappView\Logical\mappView\Resources\Media\SymbolLib\Symbols\UnHide.svg"
    LogicalPath="mappView.Resources.Media.SymbolLib.Symbols.UnHide.svg"
    Type="File"
    LastWriteTime="132769459515597493"
    Private="false" />
  <Object
    Path="C:\Software\TestProgramme\TestMappView\TestMappView\Logical\mappView\Resources\Media\SymbolLib\Symbols\Upload.svg"
    LogicalPath="mappView.Resources.Media.SymbolLib.Symbols.Upload.svg"
    Type="File"
    LastWriteTime="132769459515617370"
    Private="false" />
  <Object
    Path="C:\Software\TestProgramme\TestMappView\TestMappView\Logical\mappView\Resources\Media\SymbolLib\Symbols\USB.svg"
    LogicalPath="mappView.Resources.Media.SymbolLib.Symbols.USB.svg"
    Type="File"
    LastWriteTime="132769459515647380"
    Private="false" />
  <Object
    Path="C:\Software\TestProgramme\TestMappView\TestMappView\Logical\mappView\Resources\Media\SymbolLib\Symbols\Wait.svg"
    LogicalPath="mappView.Resources.Media.SymbolLib.Symbols.Wait.svg"
    Type="File"
    LastWriteTime="132769459515667383"
    Private="false" />
  <Object
    Path="C:\Software\TestProgramme\TestMappView\TestMappView\Logical\mappView\Resources\Media\SymbolLib\Symbols\Webcam.svg"
    LogicalPath="mappView.Resources.Media.SymbolLib.Symbols.Webcam.svg"
    Type="File"
    LastWriteTime="132769459515687383"
    Private="false" />
  <Object
    Path="C:\Software\TestProgramme\TestMappView\TestMappView\Logical\mappView\Resources\Media\SymbolLib\User\Package.pkg"
    LogicalPath="mappView.Resources.Media.SymbolLib.User"
    Type="Package"
    LastWriteTime="132769459515907426" />
  <Object
    Path="C:\Software\TestProgramme\TestMappView\TestMappView\Logical\mappView\Resources\Media\SymbolLib\User\AddUser.svg"
    LogicalPath="mappView.Resources.Media.SymbolLib.User.AddUser.svg"
    Type="File"
    LastWriteTime="132769459515737379"
    Private="false" />
  <Object
    Path="C:\Software\TestProgramme\TestMappView\TestMappView\Logical\mappView\Resources\Media\SymbolLib\User\DeleteUser.svg"
    LogicalPath="mappView.Resources.Media.SymbolLib.User.DeleteUser.svg"
    Type="File"
    LastWriteTime="132769459515757380"
    Private="false" />
  <Object
    Path="C:\Software\TestProgramme\TestMappView\TestMappView\Logical\mappView\Resources\Media\SymbolLib\User\Lock.svg"
    LogicalPath="mappView.Resources.Media.SymbolLib.User.Lock.svg"
    Type="File"
    LastWriteTime="132769459515777435"
    Private="false" />
  <Object
    Path="C:\Software\TestProgramme\TestMappView\TestMappView\Logical\mappView\Resources\Media\SymbolLib\User\Login.svg"
    LogicalPath="mappView.Resources.Media.SymbolLib.User.Login.svg"
    Type="File"
    LastWriteTime="132769459515797374"
    Private="false" />
  <Object
    Path="C:\Software\TestProgramme\TestMappView\TestMappView\Logical\mappView\Resources\Media\SymbolLib\User\Logout.svg"
    LogicalPath="mappView.Resources.Media.SymbolLib.User.Logout.svg"
    Type="File"
    LastWriteTime="132769459515827776"
    Private="false" />
  <Object
    Path="C:\Software\TestProgramme\TestMappView\TestMappView\Logical\mappView\Resources\Media\SymbolLib\User\NoAccessRights.svg"
    LogicalPath="mappView.Resources.Media.SymbolLib.User.NoAccessRights.svg"
    Type="File"
    LastWriteTime="132769459515847374"
    Private="false" />
  <Object
    Path="C:\Software\TestProgramme\TestMappView\TestMappView\Logical\mappView\Resources\Media\SymbolLib\User\Unlock.svg"
    LogicalPath="mappView.Resources.Media.SymbolLib.User.Unlock.svg"
    Type="File"
    LastWriteTime="132769459515867371"
    Private="false" />
  <Object
    Path="C:\Software\TestProgramme\TestMappView\TestMappView\Logical\mappView\Resources\Media\SymbolLib\User\User.svg"
    LogicalPath="mappView.Resources.Media.SymbolLib.User.User.svg"
    Type="File"
    LastWriteTime="132769459515887831"
    Private="false" />
  <Object
    Path="C:\Software\TestProgramme\TestMappView\TestMappView\Logical\mappView\Resources\Media\SymbolLib\User\UserGroup.svg"
    LogicalPath="mappView.Resources.Media.SymbolLib.User.UserGroup.svg"
    Type="File"
    LastWriteTime="132769459515907426"
    Private="false" />
  <Object
    Path="C:\Software\TestProgramme\TestMappView\TestMappView\Logical\mappView\Visualization\Package.pkg"
    LogicalPath="mappView.Visualization"
    Type="Package"
    LastWriteTime="132768585363628497" />
  <Object
    Path="C:\Software\TestProgramme\TestMappView\TestMappView\Logical\mappView\Visualization\Pages\Package.pkg"
    LogicalPath="mappView.Visualization.Pages"
    Type="Package"
    LastWriteTime="132801715881428831" />
  <Object
    Path="C:\Software\TestProgramme\TestMappView\TestMappView\Logical\mappView\Visualization\Pages\AreaContents\Package.pkg"
    LogicalPath="mappView.Visualization.Pages.AreaContents"
    Type="Package"
    LastWriteTime="132768631994649449" />
  <Object
    Path="C:\Software\TestProgramme\TestMappView\TestMappView\Logical\mappView\Visualization\Pages\AreaContents\ContentTop.content"
    LogicalPath="mappView.Visualization.Pages.AreaContents.ContentTop.content"
    Type="File"
    LastWriteTime="132769687829244242"
    Private="false" />
  <Object
    Path="C:\Software\TestProgramme\TestMappView\TestMappView\Logical\mappView\Visualization\Pages\AreaContents\ContentLeft.content"
    LogicalPath="mappView.Visualization.Pages.AreaContents.ContentLeft.content"
    Type="File"
    LastWriteTime="132769482292255938"
    Private="false" />
  <Object
    Path="C:\Software\TestProgramme\TestMappView\TestMappView\Logical\mappView\Visualization\Pages\MainPage\Package.pkg"
    LogicalPath="mappView.Visualization.Pages.MainPage"
    Type="Package"
    LastWriteTime="132768636058523678" />
  <Object
    Path="C:\Software\TestProgramme\TestMappView\TestMappView\Logical\mappView\Visualization\Pages\MainPage\MainPage.page"
    LogicalPath="mappView.Visualization.Pages.MainPage.MainPage.page"
    Type="File"
    LastWriteTime="132768637581062879"
    Private="false" />
  <Object
    Path="C:\Software\TestProgramme\TestMappView\TestMappView\Logical\mappView\Visualization\Pages\MainPage\MainPage.content"
    LogicalPath="mappView.Visualization.Pages.MainPage.MainPage.content"
    Type="File"
    LastWriteTime="132797074166148808"
    Private="false" />
  <Object
    Path="C:\Software\TestProgramme\TestMappView\TestMappView\Logical\mappView\Visualization\Pages\ServicePage\Package.pkg"
    LogicalPath="mappView.Visualization.Pages.ServicePage"
    Type="Package"
    LastWriteTime="132768641623558443" />
  <Object
    Path="C:\Software\TestProgramme\TestMappView\TestMappView\Logical\mappView\Visualization\Pages\ServicePage\ServicePage.page"
    LogicalPath="mappView.Visualization.Pages.ServicePage.ServicePage.page"
    Type="File"
    LastWriteTime="132768642447888587"
    Private="false" />
  <Object
    Path="C:\Software\TestProgramme\TestMappView\TestMappView\Logical\mappView\Visualization\Pages\ServicePage\ServicePage.content"
    LogicalPath="mappView.Visualization.Pages.ServicePage.ServicePage.content"
    Type="File"
    LastWriteTime="132769706611973435"
    Private="false" />
  <Object
    Path="C:\Software\TestProgramme\TestMappView\TestMappView\Logical\mappView\Visualization\Pages\AlarmPage\Package.pkg"
    LogicalPath="mappView.Visualization.Pages.AlarmPage"
    Type="Package"
    LastWriteTime="132768642963591706" />
  <Object
    Path="C:\Software\TestProgramme\TestMappView\TestMappView\Logical\mappView\Visualization\Pages\AlarmPage\Alarm.page"
    LogicalPath="mappView.Visualization.Pages.AlarmPage.Alarm.page"
    Type="File"
    LastWriteTime="132799713542918492"
    Private="false" />
  <Object
    Path="C:\Software\TestProgramme\TestMappView\TestMappView\Logical\mappView\Visualization\Pages\AlarmPage\AlarmPage.content"
    LogicalPath="mappView.Visualization.Pages.AlarmPage.AlarmPage.content"
    Type="File"
    LastWriteTime="132801719632967184"
    Private="false" />
  <Object
    Path="C:\Software\TestProgramme\TestMappView\TestMappView\Logical\mappView\Visualization\Pages\AlarmHistory\Package.pkg"
    LogicalPath="mappView.Visualization.Pages.AlarmHistory"
    Type="Package"
    LastWriteTime="132801716364915114" />
  <Object
    Path="C:\Software\TestProgramme\TestMappView\TestMappView\Logical\mappView\Visualization\Pages\AlarmHistory\Page.page"
    LogicalPath="mappView.Visualization.Pages.AlarmHistory.Page.page"
    Type="File"
    LastWriteTime="132801721616385014"
    Private="false" />
  <Object
    Path="C:\Software\TestProgramme\TestMappView\TestMappView\Logical\mappView\Visualization\Pages\AlarmHistory\Content.content"
    LogicalPath="mappView.Visualization.Pages.AlarmHistory.Content.content"
    Type="File"
    LastWriteTime="132801741900539888"
    Private="false" />
  <Object
    Path="C:\Software\TestProgramme\TestMappView\TestMappView\Logical\mappView\Visualization\Variables\Package.pkg"
    LogicalPath="mappView.Visualization.Variables"
    Type="Package"
    LastWriteTime="132769685231275201" />
  <Object
    Path="C:\Software\TestProgramme\TestMappView\TestMappView\Logical\mappView\Visualization\Variables\sessionvar.svar"
    LogicalPath="mappView.Visualization.Variables.sessionvar.svar"
    Type="File"
    LastWriteTime="132769688491106072"
    Private="false" />
  <Object
    Path="C:\Software\TestProgramme\TestMappView\TestMappView\Logical\mappView\Visualization\Expressions\Package.pkg"
    LogicalPath="mappView.Visualization.Expressions"
    Type="Package"
    LastWriteTime="132768585363446816" />
  <Object
    Path="C:\Software\TestProgramme\TestMappView\TestMappView\Logical\mappView\Visualization\Layouts\Package.pkg"
    LogicalPath="mappView.Visualization.Layouts"
    Type="Package"
    LastWriteTime="132769576332026851" />
  <Object
    Path="C:\Software\TestProgramme\TestMappView\TestMappView\Logical\mappView\Visualization\Layouts\Landscape16_9.layout"
    LogicalPath="mappView.Visualization.Layouts.Landscape16_9.layout"
    Type="File"
    LastWriteTime="132768634366757027"
    Private="false" />
  <Object
    Path="C:\Software\TestProgramme\TestMappView\TestMappView\Logical\mappView\Visualization\Layouts\Layout.layout"
    LogicalPath="mappView.Visualization.Layouts.Layout.layout"
    Type="File"
    LastWriteTime="132769598206388072"
    Private="false" />
  <Object
    Path="C:\Software\TestProgramme\TestMappView\TestMappView\Logical\mappView\Visualization\Dialogs\Package.pkg"
    LogicalPath="mappView.Visualization.Dialogs"
    Type="Package"
    LastWriteTime="132769578688640939" />
  <Object
    Path="C:\Software\TestProgramme\TestMappView\TestMappView\Logical\mappView\Visualization\Dialogs\AreaContents\Package.pkg"
    LogicalPath="mappView.Visualization.Dialogs.AreaContents"
    Type="Package"
    LastWriteTime="132769577410443223" />
  <Object
    Path="C:\Software\TestProgramme\TestMappView\TestMappView\Logical\mappView\Visualization\Dialogs\AreaContents\ModalLogin.content"
    LogicalPath="mappView.Visualization.Dialogs.AreaContents.ModalLogin.content"
    Type="File"
    LastWriteTime="132769578376183213"
    Private="false" />
  <Object
    Path="C:\Software\TestProgramme\TestMappView\TestMappView\Logical\mappView\Visualization\Dialogs\DialogLogin\Package.pkg"
    LogicalPath="mappView.Visualization.Dialogs.DialogLogin"
    Type="Package"
    LastWriteTime="132769578501129648" />
  <Object
    Path="C:\Software\TestProgramme\TestMappView\TestMappView\Logical\mappView\Visualization\Dialogs\DialogLogin\Dialog.dialog"
    LogicalPath="mappView.Visualization.Dialogs.DialogLogin.Dialog.dialog"
    Type="File"
    LastWriteTime="132769597755101741"
    Private="false" />
  <Object
    Path="C:\Software\TestProgramme\TestMappView\TestMappView\Logical\mappView\Visualization\Resources\Package.pkg"
    LogicalPath="mappView.Visualization.Resources"
    Type="Package"
    LastWriteTime="132768585363618420" />
  <Object
    Path="C:\Software\TestProgramme\TestMappView\TestMappView\Logical\mappView\Visualization\Resources\Texts\Package.pkg"
    LogicalPath="mappView.Visualization.Resources.Texts"
    Type="Package"
    LastWriteTime="132799727313270322" />
  <Object
    Path="C:\Software\TestProgramme\TestMappView\TestMappView\Logical\mappView\Visualization\Resources\Texts\AlarmTexts.tmx"
    LogicalPath="mappView.Visualization.Resources.Texts.AlarmTexts.tmx"
    Type="File"
    LastWriteTime="132799727313240084"
    Private="false" />
  <Object
    Path="C:\Software\TestProgramme\TestMappView\TestMappView\Logical\mappView\Visualization\Resources\Snippets\Package.pkg"
    LogicalPath="mappView.Visualization.Resources.Snippets"
    Type="Package"
    LastWriteTime="132768585363618420" />
  <Object
    Path="C:\Software\TestProgramme\TestMappView\TestMappView\Logical\MainProgram\IEC.prg"
    LogicalPath="MainProgram"
    Type="Program"
    LastWriteTime="132768674914721795" />
  <Object
    Path="C:\Software\TestProgramme\TestMappView\TestMappView\Logical\MainProgram\Main.st"
    LogicalPath="MainProgram.Main.st"
    Type="File"
    LastWriteTime="132797073726350893"
    Private="false" />
  <Object
    Path="C:\Software\TestProgramme\TestMappView\TestMappView\Logical\MainProgram\Types.typ"
    LogicalPath="MainProgram.Types.typ"
    Type="File"
    LastWriteTime="132768674914712312"
    Private="true" />
  <Object
    Path="C:\Software\TestProgramme\TestMappView\TestMappView\Logical\MainProgram\Variables.var"
    LogicalPath="MainProgram.Variables.var"
    Type="File"
    LastWriteTime="132797073620663320"
    Private="true" />
  <Object
    Path="C:\Software\TestProgramme\TestMappView\TestMappView\Logical\Alarm\IEC.prg"
    LogicalPath="Alarm"
    Type="Program"
    LastWriteTime="132799178286652902" />
  <Object
    Path="C:\Software\TestProgramme\TestMappView\TestMappView\Logical\Alarm\Cyclic.st"
    LogicalPath="Alarm.Cyclic.st"
    Type="File"
    LastWriteTime="132801730505342272"
    Private="false" />
  <Object
    Path="C:\Software\TestProgramme\TestMappView\TestMappView\Logical\Alarm\Init.st"
    LogicalPath="Alarm.Init.st"
    Type="File"
    LastWriteTime="132799178286603374"
    Private="false" />
  <Object
    Path="C:\Software\TestProgramme\TestMappView\TestMappView\Logical\Alarm\Exit.st"
    LogicalPath="Alarm.Exit.st"
    Type="File"
    LastWriteTime="132799178286612954"
    Private="false" />
  <Object
    Path="C:\Software\TestProgramme\TestMappView\TestMappView\Logical\Alarm\Types.typ"
    LogicalPath="Alarm.Types.typ"
    Type="File"
    LastWriteTime="132799178286632868"
    Private="true" />
  <Object
    Path="C:\Software\TestProgramme\TestMappView\TestMappView\Logical\Alarm\Variables.var"
    LogicalPath="Alarm.Variables.var"
    Type="File"
    LastWriteTime="132801728867017960"
    Private="true" />
  <Object
    Path="C:\Software\TestProgramme\TestMappView\TestMappView\Logical\Project.language"
    LogicalPath="Project.language"
    Type="File"
    LastWriteTime="132769479043764798"
    Private="false" />
  <Object
    Path="C:\Software\TestProgramme\TestMappView\TestMappView\Logical\TestMotor\IEC.prg"
    LogicalPath="TestMotor"
    Type="Program"
    LastWriteTime="132794715306438512" />
  <Object
    Path="C:\Software\TestProgramme\TestMappView\TestMappView\Logical\TestMotor\Main.st"
    LogicalPath="TestMotor.Main.st"
    Type="File"
    LastWriteTime="132794743952797315"
    Private="false" />
  <Object
    Path="C:\Software\TestProgramme\TestMappView\TestMappView\Logical\TestMotor\Types.typ"
    LogicalPath="TestMotor.Types.typ"
    Type="File"
    LastWriteTime="132794706090839785"
    Private="true" />
  <Object
    Path="C:\Software\TestProgramme\TestMappView\TestMappView\Logical\TestMotor\Variables.var"
    LogicalPath="TestMotor.Variables.var"
    Type="File"
    LastWriteTime="132794795000542548"
    Private="true" />
  <Object
    Path="C:\Software\TestProgramme\TestMappView\TestMappView\Logical\TestMotor\MotorActions.st"
    LogicalPath="TestMotor.MotorActions.st"
    Type="File"
    LastWriteTime="132794718272757763"
    Private="false" />
  <Object
    Path="C:\Software\TestProgramme\TestMappView\TestMappView\Logical\Library\IEC.lby"
    LogicalPath="Library"
    Type="Library"
    LastWriteTime="132794783292345669" />
  <Object
    Path="C:\Software\TestProgramme\TestMappView\TestMappView\Logical\Library\Types.typ"
    LogicalPath="Library.Types.typ"
    Type="File"
    LastWriteTime="132794773961171113"
    Private="false" />
  <Object
    Path="C:\Software\TestProgramme\TestMappView\TestMappView\Logical\Library\Constants.var"
    LogicalPath="Library.Constants.var"
    Type="File"
    LastWriteTime="132794769761654480"
    Private="false" />
  <Object
    Path="C:\Software\TestProgramme\TestMappView\TestMappView\Logical\Library\Library.fun"
    LogicalPath="Library.Library.fun"
    Type="File"
    LastWriteTime="132794790620390692"
    Private="false" />
  <Object
    Path="C:\Software\TestProgramme\TestMappView\TestMappView\Logical\Library\FB_Motor.st"
    LogicalPath="Library.FB_Motor.st"
    Type="File"
    LastWriteTime="132794800399995379"
    Private="false" />
  <Object
    Path="C:\Software\TestProgramme\TestMappView\TestMappView\Physical\Config1\Config.pkg"
    LogicalPath="Config1"
    Type="Configuration.ParentUnknown"
    LastWriteTime="132768568195592036" />
  <Object
    Path="C:\Software\TestProgramme\TestMappView\TestMappView\Physical\Config1\Hardware.hw"
    LogicalPath="Config1.Hardware.hw"
    Type="File"
    LastWriteTime="132768683282573984"
    Private="false" />
  <Object
    Path="C:\Software\TestProgramme\TestMappView\TestMappView\Physical\Config1\Hardware.hwl"
    LogicalPath="Config1.Hardware.hwl"
    Type="File"
    LastWriteTime="132768586436517052"
    Private="false" />
  <Object
    Path="C:\Software\TestProgramme\TestMappView\TestMappView\Physical\Config1\PC\Cpu.pkg"
    LogicalPath="Config1.PC"
    Type="Cpu"
    LastWriteTime="132799125313228883" />
  <Object
    Path="C:\Software\TestProgramme\TestMappView\TestMappView\Physical\Config1\PC\Cpu.sw"
    LogicalPath="Config1.PC.Cpu.sw"
    Type="File"
    LastWriteTime="132799180101702024"
    Private="false" />
  <Object
    Path="C:\Software\TestProgramme\TestMappView\TestMappView\Physical\Config1\PC\Cpu.per"
    LogicalPath="Config1.PC.Cpu.per"
    Type="File"
    LastWriteTime="132768568178795794"
    Private="false" />
  <Object
    Path="C:\Software\TestProgramme\TestMappView\TestMappView\Physical\Config1\PC\IoMap.iom"
    LogicalPath="Config1.PC.IoMap.iom"
    Type="File"
    LastWriteTime="132768568178795794"
    Private="false" />
  <Object
    Path="C:\Software\TestProgramme\TestMappView\TestMappView\Physical\Config1\PC\PvMap.vvm"
    LogicalPath="Config1.PC.PvMap.vvm"
    Type="File"
    LastWriteTime="132768568178915354"
    Private="false" />
  <Object
    Path="C:\Software\TestProgramme\TestMappView\TestMappView\Physical\Config1\PC\Connectivity\Package.pkg"
    LogicalPath="Config1.PC.Connectivity"
    Type="Package"
    LastWriteTime="132768568179922293" />
  <Object
    Path="C:\Software\TestProgramme\TestMappView\TestMappView\Physical\Config1\PC\Connectivity\OpcUA\Package.pkg"
    LogicalPath="Config1.PC.Connectivity.OpcUA"
    Type="Package"
    LastWriteTime="132768683578976842" />
  <Object
    Path="C:\Software\TestProgramme\TestMappView\TestMappView\Physical\Config1\PC\Connectivity\OpcUA\OpcUaMap.uad"
    LogicalPath="Config1.PC.Connectivity.OpcUA.OpcUaMap.uad"
    Type="File"
    LastWriteTime="132797073845077786"
    Private="false" />
  <Object
    Path="C:\Software\TestProgramme\TestMappView\TestMappView\Physical\Config1\PC\TextSystem\Package.pkg"
    LogicalPath="Config1.PC.TextSystem"
    Type="Package"
    LastWriteTime="132769481862139067" />
  <Object
    Path="C:\Software\TestProgramme\TestMappView\TestMappView\Physical\Config1\PC\TextSystem\TC.textconfig"
    LogicalPath="Config1.PC.TextSystem.TC.textconfig"
    Type="File"
    LastWriteTime="132799760656965490"
    Private="false" />
  <Object
    Path="C:\Software\TestProgramme\TestMappView\TestMappView\Physical\Config1\PC\UnitSystem\Package.pkg"
    LogicalPath="Config1.PC.UnitSystem"
    Type="Package"
    LastWriteTime="132768568180085137" />
  <Object
    Path="C:\Software\TestProgramme\TestMappView\TestMappView\Physical\Config1\PC\AccessAndSecurity\Package.pkg"
    LogicalPath="Config1.PC.AccessAndSecurity"
    Type="Package"
    LastWriteTime="132768568180671843" />
  <Object
    Path="C:\Software\TestProgramme\TestMappView\TestMappView\Physical\Config1\PC\AccessAndSecurity\UserRoleSystem\Package.pkg"
    LogicalPath="Config1.PC.AccessAndSecurity.UserRoleSystem"
    Type="Package"
    LastWriteTime="132768568180287699" />
  <Object
    Path="C:\Software\TestProgramme\TestMappView\TestMappView\Physical\Config1\PC\AccessAndSecurity\UserRoleSystem\Role.role"
    LogicalPath="Config1.PC.AccessAndSecurity.UserRoleSystem.Role.role"
    Type="File"
    LastWriteTime="132769462347350310"
    Private="false" />
  <Object
    Path="C:\Software\TestProgramme\TestMappView\TestMappView\Physical\Config1\PC\AccessAndSecurity\UserRoleSystem\User.user"
    LogicalPath="Config1.PC.AccessAndSecurity.UserRoleSystem.User.user"
    Type="File"
    LastWriteTime="132791189025040283"
    Private="false" />
  <Object
    Path="C:\Software\TestProgramme\TestMappView\TestMappView\Physical\Config1\PC\AccessAndSecurity\CertificateStore\Package.pkg"
    LogicalPath="Config1.PC.AccessAndSecurity.CertificateStore"
    Type="Package"
    LastWriteTime="132768568180618250" />
  <Object
    Path="C:\Software\TestProgramme\TestMappView\TestMappView\Physical\Config1\PC\AccessAndSecurity\CertificateStore\OwnCertificates\Package.pkg"
    LogicalPath="Config1.PC.AccessAndSecurity.CertificateStore.OwnCertificates"
    Type="Package"
    LastWriteTime="132768568180419088" />
  <Object
    Path="C:\Software\TestProgramme\TestMappView\TestMappView\Physical\Config1\PC\AccessAndSecurity\CertificateStore\OwnCertificates\Certificates\Package.pkg"
    LogicalPath="Config1.PC.AccessAndSecurity.CertificateStore.OwnCertificates.Certificates"
    Type="Package"
    LastWriteTime="132768568180419088" />
  <Object
    Path="C:\Software\TestProgramme\TestMappView\TestMappView\Physical\Config1\PC\AccessAndSecurity\CertificateStore\OwnCertificates\PrivateKeys\Package.pkg"
    LogicalPath="Config1.PC.AccessAndSecurity.CertificateStore.OwnCertificates.PrivateKeys"
    Type="Package"
    LastWriteTime="132768568180419088" />
  <Object
    Path="C:\Software\TestProgramme\TestMappView\TestMappView\Physical\Config1\PC\AccessAndSecurity\CertificateStore\ThirdPartyCertificates\Package.pkg"
    LogicalPath="Config1.PC.AccessAndSecurity.CertificateStore.ThirdPartyCertificates"
    Type="Package"
    LastWriteTime="132768568180545107" />
  <Object
    Path="C:\Software\TestProgramme\TestMappView\TestMappView\Physical\Config1\PC\AccessAndSecurity\CertificateStore\ThirdPartyCertificates\SoftwareCertificates\Package.pkg"
    LogicalPath="Config1.PC.AccessAndSecurity.CertificateStore.ThirdPartyCertificates.SoftwareCertificates"
    Type="Package"
    LastWriteTime="132768568180545107" />
  <Object
    Path="C:\Software\TestProgramme\TestMappView\TestMappView\Physical\Config1\PC\AccessAndSecurity\CertificateStore\CertificateRevocationLists\Package.pkg"
    LogicalPath="Config1.PC.AccessAndSecurity.CertificateStore.CertificateRevocationLists"
    Type="Package"
    LastWriteTime="132768568180564757" />
  <Object
    Path="C:\Software\TestProgramme\TestMappView\TestMappView\Physical\Config1\PC\AccessAndSecurity\CertificateStore\CertificateSigningRequests\Package.pkg"
    LogicalPath="Config1.PC.AccessAndSecurity.CertificateStore.CertificateSigningRequests"
    Type="Package"
    LastWriteTime="132768568180618250" />
  <Object
    Path="C:\Software\TestProgramme\TestMappView\TestMappView\Physical\Config1\PC\AccessAndSecurity\TransportLayerSecurity\Package.pkg"
    LogicalPath="Config1.PC.AccessAndSecurity.TransportLayerSecurity"
    Type="Package"
    LastWriteTime="132768568180662377" />
  <Object
    Path="C:\Software\TestProgramme\TestMappView\TestMappView\Physical\Config1\PC\AccessAndSecurity\Firewall\Package.pkg"
    LogicalPath="Config1.PC.AccessAndSecurity.Firewall"
    Type="Package"
    LastWriteTime="132768568180671843" />
  <Object
    Path="C:\Software\TestProgramme\TestMappView\TestMappView\Physical\Config1\PC\AccessAndSecurity\Firewall\Rules.firewallRules"
    LogicalPath="Config1.PC.AccessAndSecurity.Firewall.Rules.firewallRules"
    Type="File"
    LastWriteTime="132768568180671843"
    Private="false" />
  <Object
    Path="C:\Software\TestProgramme\TestMappView\TestMappView\Physical\Config1\PC\mappControl\Package.pkg"
    LogicalPath="Config1.PC.mappControl"
    Type="Package"
    LastWriteTime="132768568180765802" />
  <Object
    Path="C:\Software\TestProgramme\TestMappView\TestMappView\Physical\Config1\PC\mappMotion\Package.pkg"
    LogicalPath="Config1.PC.mappMotion"
    Type="Package"
    LastWriteTime="132768568180792356" />
  <Object
    Path="C:\Software\TestProgramme\TestMappView\TestMappView\Physical\Config1\PC\mappServices\Package.pkg"
    LogicalPath="Config1.PC.mappServices"
    Type="Package"
    LastWriteTime="132801711539672284" />
  <Object
    Path="C:\Software\TestProgramme\TestMappView\TestMappView\Physical\Config1\PC\mappServices\Config.mpalarmxcore"
    LogicalPath="Config1.PC.mappServices.Config.mpalarmxcore"
    Type="File"
    LastWriteTime="132801741900126013"
    Private="false" />
  <Object
    Path="C:\Software\TestProgramme\TestMappView\TestMappView\Physical\Config1\PC\mappServices\Config_1.mpalarmxhistory"
    LogicalPath="Config1.PC.mappServices.Config_1.mpalarmxhistory"
    Type="File"
    LastWriteTime="132801723732543325"
    Private="false" />
  <Object
    Path="C:\Software\TestProgramme\TestMappView\TestMappView\Physical\Config1\PC\mappView\Package.pkg"
    LogicalPath="Config1.PC.mappView"
    Type="Package"
    LastWriteTime="132799758476645128" />
  <Object
    Path="C:\Software\TestProgramme\TestMappView\TestMappView\Physical\Config1\PC\mappView\Visualizat.vis"
    LogicalPath="Config1.PC.mappView.Visualizat.vis"
    Type="File"
    LastWriteTime="132801720304778230"
    Private="false" />
  <Object
    Path="C:\Software\TestProgramme\TestMappView\TestMappView\Physical\Config1\PC\mappView\Config.mappviewcfg"
    LogicalPath="Config1.PC.mappView.Config.mappviewcfg"
    Type="File"
    LastWriteTime="132768598863175421"
    Private="false" />
  <Object
    Path="C:\Software\TestProgramme\TestMappView\TestMappView\Physical\Config1\PC\mappView\BindingMainPage.binding"
    LogicalPath="Config1.PC.mappView.BindingMainPage.binding"
    Type="File"
    LastWriteTime="132801718490539805"
    Private="false" />
  <Object
    Path="C:\Software\TestProgramme\TestMappView\TestMappView\Physical\Config1\PC\mappView\MainPageContent.eventbinding"
    LogicalPath="Config1.PC.mappView.MainPageContent.eventbinding"
    Type="File"
    LastWriteTime="132799761705591858"
    Private="false" />
  <Object
    Path="C:\Software\TestProgramme\TestMappView\TestMappView\Physical\Config1\PC\mappView\ContentTop.eventbinding"
    LogicalPath="Config1.PC.mappView.ContentTop.eventbinding"
    Type="File"
    LastWriteTime="132769608534997933"
    Private="false" />
  <Object
    Path="C:\Software\TestProgramme\TestMappView\TestMappView\Physical\Config1\PC\mappView\ServicePageContent.binding"
    LogicalPath="Config1.PC.mappView.ServicePageContent.binding"
    Type="File"
    LastWriteTime="132769687828845614"
    Private="false" />
  <Object
    Path="C:\Software\TestProgramme\TestMappView\TestMappView\Physical\Config1\PC\mappView\ContentTop.binding"
    LogicalPath="Config1.PC.mappView.ContentTop.binding"
    Type="File"
    LastWriteTime="132769687829244242"
    Private="false" />
  <Object
    Path="C:\Software\TestProgramme\TestMappView\TestMappView\Physical\Config1\PC\mappView\AlarmPageContent.binding"
    LogicalPath="Config1.PC.mappView.AlarmPageContent.binding"
    Type="File"
    LastWriteTime="132799155578285912"
    Private="false" />
  <Object
    Path="C:\Software\TestProgramme\TestMappView\TestMappView\Physical\Config1\PC\mappCockpit\Package.pkg"
    LogicalPath="Config1.PC.mappCockpit"
    Type="Package"
    LastWriteTime="132768568180920441" />
  <Object
    Path="C:\Software\TestProgramme\TestMappView\TestMappView\Physical\Config1\Hardware.jpg"
    LogicalPath="Config1.Hardware.jpg"
    Type="File"
    LastWriteTime="132768586436556277"
    Private="false" />
</Objects>